#
# A fatal error has been detected by the Java Runtime Environment:
#
#  Internal Error (os_windows_x86.cpp:114), pid=6912, tid=9160
#  Error: guarantee(result == -1,"Unexpected result from topLevelExceptionFilter")
#
# JRE version: 6.0_17-b04
# Java VM: Java HotSpot(TM) 64-Bit Server VM (14.3-b01 mixed mode windows-amd64 )
# If you would like to submit a bug report, please visit:
#   http://java.sun.com/webapps/bugreport/crash.jsp
# The crash happened outside the Java Virtual Machine in native code.
# See problematic frame for where to report the bug.
#

---------------  T H R E A D  ---------------

Current thread (0x000000000f3a5000):  JavaThread "AWT-EventQueue-0" [_thread_in_native, id=9160, stack(0x000000001d070000,0x000000001d0f0000)]

Stack: [0x000000001d070000,0x000000001d0f0000]
[error occurred during error reporting (printing stack bounds), id 0xc0000005]

Java frames: (J=compiled Java code, j=interpreted, Vv=VM code)
j  com.mathworks.services.settings.Setting.nativeSet(JJ[Ljava/lang/String;Ljava/lang/String;Lcom/mathworks/services/settings/SettingInfo;Ljava/lang/String;)V+0
j  com.mathworks.services.settings.Setting.set(JLjava/lang/Object;Lcom/mathworks/services/settings/SettingLevel;)V+367
j  com.mathworks.services.settings.Setting.set(Ljava/lang/Object;Lcom/mathworks/services/settings/SettingLevel;)V+4
j  com.mathworks.services.settings.Setting.set(Ljava/lang/Object;)V+5
j  com.mathworks.mlwidgets.explorer.model.table.ExplorerTableConfigurationSerializer.saveColumnSizes(Lcom/mathworks/widgets/grouptable/GroupingTableConfiguration;)V+12
j  com.mathworks.mlwidgets.explorer.model.table.ExplorerTableConfigurationSerializer.save(Lcom/mathworks/widgets/grouptable/GroupingTableConfiguration;)V+22
j  com.mathworks.widgets.grouptable.GroupingTableConfiguration$1.propertyChange(Ljava/beans/PropertyChangeEvent;)V+11
J  java.beans.PropertyChangeSupport.firePropertyChange(Ljava/beans/PropertyChangeEvent;)V
J  java.beans.PropertyChangeSupport.firePropertyChange(Ljava/lang/String;Ljava/lang/Object;Ljava/lang/Object;)V
j  com.mathworks.widgets.grouptable.GroupingTableConfiguration.setColumnSize(Lcom/mathworks/widgets/grouptable/GroupingTableColumn;ZIZ)V+50
j  com.mathworks.widgets.grouptable.GroupingTableConfiguration.setColumnSize(Lcom/mathworks/widgets/grouptable/GroupingTableColumn;ZI)V+5
j  com.mathworks.widgets.grouptable.GroupingTableConfiguration.setColumnSizeIfNotFixed(Lcom/mathworks/widgets/grouptable/GroupingTableColumn;I)V+15
j  com.mathworks.widgets.grouptable.GroupingTable$27$1.actionPerformed(Ljava/awt/event/ActionEvent;)V+71
J  javax.swing.Timer.fireActionPerformed(Ljava/awt/event/ActionEvent;)V
j  javax.swing.Timer$DoPostEvent.run()V+71
J  java.awt.EventDispatchThread.pumpOneEventForFilters(I)Z
J  java.awt.EventDispatchThread.pumpEventsForFilter(ILjava/awt/Conditional;Ljava/awt/EventFilter;)V
j  java.awt.EventDispatchThread.pumpEventsForHierarchy(ILjava/awt/Conditional;Ljava/awt/Component;)V+11
j  java.awt.EventDispatchThread.pumpEvents(ILjava/awt/Conditional;)V+4
j  java.awt.EventDispatchThread.pumpEvents(Ljava/awt/Conditional;)V+3
j  java.awt.EventDispatchThread.run()V+9
v  ~StubRoutines::call_stub

---------------  P R O C E S S  ---------------

Java Threads: ( => current thread )
  0x000000000f448000 JavaThread "Timer-417" daemon [_thread_blocked, id=7256, stack(0x0000000030bb0000,0x0000000030c30000)]
  0x000000000f3e9000 JavaThread "Main message loop" daemon [_thread_in_native, id=1864, stack(0x0000000057220000,0x00000000572a0000)]
  0x000000000f3e8800 JavaThread "com.jniwrapper.NativeResourceCollector" daemon [_thread_blocked, id=4380, stack(0x0000000057060000,0x00000000570e0000)]
  0x000000000f3e6800 JavaThread "Code Analyzer updating thread" [_thread_blocked, id=6464, stack(0x0000000016c80000,0x0000000016d00000)]
  0x000000000f3ed800 JavaThread "Code Analyzer updating thread" [_thread_blocked, id=7328, stack(0x000000002d5f0000,0x000000002d670000)]
  0x000000000f3e7000 JavaThread "Code Analyzer updating thread" [_thread_blocked, id=7692, stack(0x0000000016a20000,0x0000000016aa0000)]
  0x000000000f3ed000 JavaThread "Code Analyzer updating thread" [_thread_blocked, id=8696, stack(0x0000000016e70000,0x0000000016ef0000)]
  0x000000000f3ea000 JavaThread "pool-2-thread-1" [_thread_blocked, id=8708, stack(0x0000000016dd0000,0x0000000016e50000)]
  0x000000000f3ec000 JavaThread "Foxtrot Single Worker Thread #1" daemon [_thread_blocked, id=9212, stack(0x00000000161e0000,0x0000000016260000)]
  0x000000000f3eb800 JavaThread "Code Analyzer updating thread" [_thread_blocked, id=2404, stack(0x0000000014fe0000,0x0000000015060000)]
  0x000000000f442800 JavaThread "Code Analyzer updating thread" [_thread_blocked, id=6728, stack(0x0000000016840000,0x00000000168c0000)]
  0x000000000f3e7800 JavaThread "Swing-Shell" daemon [_thread_blocked, id=1448, stack(0x0000000016ba0000,0x0000000016c20000)]
  0x000000000f3ea800 JavaThread "Prefs Updater" daemon [_thread_blocked, id=8896, stack(0x0000000016f00000,0x0000000016f80000)]
  0x000000000f444800 JavaThread "pool-1-thread-1" [_thread_blocked, id=8188, stack(0x0000000016150000,0x00000000161d0000)]
  0x000000000f449000 JavaThread "Code Analyzer updating thread" [_thread_blocked, id=2892, stack(0x0000000057410000,0x0000000057490000)]
  0x000000000f447800 JavaThread "Active Reference Queue Daemon" daemon [_thread_blocked, id=9040, stack(0x00000000590a0000,0x0000000059120000)]
  0x000000000f446000 JavaThread "Timer-5" daemon [_thread_blocked, id=8416, stack(0x0000000057360000,0x00000000573e0000)]
  0x000000000f446800 JavaThread "Timer-4" daemon [_thread_blocked, id=8800, stack(0x0000000057490000,0x0000000057510000)]
  0x000000000f445000 JavaThread "Explorer NavigationContext request queue" [_thread_blocked, id=3156, stack(0x0000000057160000,0x00000000571e0000)]
  0x000000000f443800 JavaThread "AddressBar directory emptiness poller" [_thread_blocked, id=3644, stack(0x00000000572c0000,0x0000000057340000)]
  0x000000000f443000 JavaThread "Explorer Refresh Service 455024402" [_thread_blocked, id=8304, stack(0x0000000056ea0000,0x0000000056f20000)]
  0x000000000f441800 JavaThread "Timer-1" daemon [_thread_blocked, id=2516, stack(0x0000000056ba0000,0x0000000056c20000)]
  0x000000000f43f800 JavaThread "TimerQueue" daemon [_thread_blocked, id=6364, stack(0x0000000055600000,0x0000000055680000)]
  0x000000000f43e800 JavaThread "Thread-5" daemon [_thread_blocked, id=1856, stack(0x000000004c810000,0x000000004c890000)]
  0x000000000f43e000 JavaThread "FelixPackageAdmin" daemon [_thread_blocked, id=5456, stack(0x000000002d310000,0x000000002d390000)]
  0x000000000f27f800 JavaThread "FelixStartLevel" daemon [_thread_blocked, id=6484, stack(0x0000000054d40000,0x0000000054dc0000)]
  0x000000000f3a0800 JavaThread "FelixDispatchQueue" daemon [_thread_blocked, id=2480, stack(0x0000000054c60000,0x0000000054ce0000)]
=>0x000000000f3a5000 JavaThread "AWT-EventQueue-0" [_thread_in_native, id=9160, stack(0x000000001d070000,0x000000001d0f0000)]
  0x000000000f0de000 JavaThread "com.google.common.base.internal.Finalizer" daemon [_thread_blocked, id=9032, stack(0x000000000ce20000,0x000000000cea0000)]
  0x000000000f0d9000 JavaThread "AWT-Windows" daemon [_thread_in_native, id=8812, stack(0x00000000291d0000,0x0000000029250000)]
  0x000000000e63f000 JavaThread "AWT-Shutdown" [_thread_blocked, id=9072, stack(0x000000000fe60000,0x000000000fee0000)]
  0x000000000e63e000 JavaThread "Java2D Disposer" daemon [_thread_blocked, id=8456, stack(0x000000000ff20000,0x000000000ffa0000)]
  0x000000000ed03800 JavaThread "Timer-0" [_thread_blocked, id=7712, stack(0x000000000dfa0000,0x000000000e020000)]
  0x000000000ede1800 JavaThread "EventMgr Dispatcher" daemon [_thread_in_native, id=8116, stack(0x0000000008890000,0x000000000c890000)]
  0x000000000e14c000 JavaThread "Low Memory Detector" daemon [_thread_blocked, id=9080, stack(0x000000000d3c0000,0x000000000d440000)]
  0x000000000e148800 JavaThread "CompilerThread1" daemon [_thread_blocked, id=4532, stack(0x0000000080000000,0x0000000084000000)]
  0x000000000e13d000 JavaThread "CompilerThread0" daemon [_thread_blocked, id=9196, stack(0x0000000068c20000,0x000000006cc20000)]
  0x000000000e138000 JavaThread "Attach Listener" daemon [_thread_blocked, id=5300, stack(0x000000000cd70000,0x000000000cdf0000)]
  0x000000000e11e000 JavaThread "Finalizer" daemon [_thread_blocked, id=7604, stack(0x000000000cea0000,0x000000000cf20000)]
  0x000000000e11d000 JavaThread "Reference Handler" daemon [_thread_blocked, id=6172, stack(0x000000000d450000,0x000000000d4d0000)]
  0x0000000005cbf000 JavaThread "main" [_thread_in_native, id=7940, stack(0x0000000000060000,0x0000000004060000)]

Other Threads:
  0x000000000e11a000 VMThread [stack: 0x0000000064b20000,0x0000000068b20000] [id=2680]
  0x000000000e167800 WatcherThread [stack: 0x00000000840f0000,0x00000000880f0000] [id=7920]

VM state:not at safepoint (normal execution)

VM Mutex/Monitor currently owned by a thread: None

Heap
 PSYoungGen      total 15744K, used 10316K [0x0000000045690000, 0x0000000046700000, 0x0000000048790000)
  eden space 14784K, 64% used [0x0000000045690000,0x0000000045fdb0a8,0x0000000046500000)
  from space 960K, 83% used [0x0000000046510000,0x00000000465d8000,0x0000000046600000)
  to   space 1024K, 0% used [0x0000000046600000,0x0000000046600000,0x0000000046700000)
 PSOldGen        total 150528K, used 114087K [0x000000003c390000, 0x0000000045690000, 0x0000000045690000)
  object space 150528K, 75% used [0x000000003c390000,0x00000000432f9cb8,0x0000000045690000)
 PSPermGen       total 126528K, used 80822K [0x0000000034390000, 0x000000003bf20000, 0x000000003c390000)
  object space 126528K, 63% used [0x0000000034390000,0x000000003927d9c0,0x000000003bf20000)

Dynamic libraries:
0x000000013f790000 - 0x000000013f7bd000 	C:\Program Files\MATLAB\R2012b\bin\win64\MATLAB.exe
0x0000000076e40000 - 0x0000000076fe9000 	C:\Windows\SYSTEM32\ntdll.dll
0x0000000076b10000 - 0x0000000076c2f000 	C:\Windows\system32\kernel32.dll
0x000007fefd390000 - 0x000007fefd3fc000 	C:\Windows\system32\KERNELBASE.dll
0x0000000074460000 - 0x000000007451f000 	C:\Program Files\MATLAB\R2012b\bin\win64\libut.dll
0x00000000758a0000 - 0x000000007595c000 	C:\Program Files\MATLAB\R2012b\bin\win64\libmwi18n.dll
0x0000000180000000 - 0x000000018000b000 	C:\Program Files\MATLAB\R2012b\bin\win64\libmwresource_core.dll
0x0000000073330000 - 0x0000000073403000 	C:\Windows\WinSxS\amd64_microsoft.vc90.crt_1fc8b3b9a1e18e3b_9.0.30729.6161_none_08e61857a83bc251\MSVCP90.dll
0x0000000073440000 - 0x00000000734e3000 	C:\Windows\WinSxS\amd64_microsoft.vc90.crt_1fc8b3b9a1e18e3b_9.0.30729.6161_none_08e61857a83bc251\MSVCR90.dll
0x000000007a170000 - 0x000000007a19c000 	C:\Program Files\MATLAB\R2012b\bin\win64\boost_filesystem-vc90-mt-1_44.dll
0x000000007a560000 - 0x000000007a569000 	C:\Program Files\MATLAB\R2012b\bin\win64\boost_system-vc90-mt-1_44.dll
0x000007fefeb40000 - 0x000007fefec1b000 	C:\Windows\system32\ADVAPI32.dll
0x000007fefec20000 - 0x000007fefecbf000 	C:\Windows\system32\msvcrt.dll
0x000007fefeea0000 - 0x000007fefeebf000 	C:\Windows\SYSTEM32\sechost.dll
0x000007fefefa0000 - 0x000007feff0cd000 	C:\Windows\system32\RPCRT4.dll
0x000000007a010000 - 0x000000007a035000 	C:\Program Files\MATLAB\R2012b\bin\win64\LIBEXPAT.dll
0x00000000600c0000 - 0x00000000602b1000 	C:\Program Files\MATLAB\R2012b\bin\win64\icuin44.dll
0x0000000060340000 - 0x00000000604b1000 	C:\Program Files\MATLAB\R2012b\bin\win64\icuuc44.dll
0x0000000010000000 - 0x0000000010e41000 	C:\Program Files\MATLAB\R2012b\bin\win64\icudt44.dll
0x0000000073f70000 - 0x000000007411d000 	C:\Program Files\MATLAB\R2012b\bin\win64\libmwfl.dll
0x0000000004290000 - 0x0000000004646000 	C:\Program Files\MATLAB\R2012b\bin\win64\libmwMATLAB_res.dll
0x000000007a3b0000 - 0x000000007a3c0000 	C:\Program Files\MATLAB\R2012b\bin\win64\boost_date_time-vc90-mt-1_44.dll
0x000000007a250000 - 0x000000007a263000 	C:\Program Files\MATLAB\R2012b\bin\win64\boost_signals-vc90-mt-1_44.dll
0x000000007a2d0000 - 0x000000007a2e2000 	C:\Program Files\MATLAB\R2012b\bin\win64\boost_thread-vc90-mt-1_44.dll
0x0000000004650000 - 0x000000000470d000 	C:\Program Files\MATLAB\R2012b\bin\win64\boost_log-vc90-mt-1_44.dll
0x0000000077010000 - 0x0000000077017000 	C:\Windows\system32\PSAPI.DLL
0x000007fefe8d0000 - 0x000007fefe91d000 	C:\Windows\system32\WS2_32.dll
0x000007fefea80000 - 0x000007fefea88000 	C:\Windows\system32\NSI.dll
0x0000000004720000 - 0x0000000004766000 	C:\Program Files\MATLAB\R2012b\bin\win64\tbb.dll
0x000007fefe950000 - 0x000007fefe969000 	C:\Windows\system32\imagehlp.dll
0x00000000609c0000 - 0x00000000609d3000 	C:\Program Files\MATLAB\R2012b\bin\win64\icuio44.dll
0x000007fefb440000 - 0x000007fefb565000 	C:\Windows\system32\dbghelp.dll
0x0000000076760000 - 0x000000007685a000 	C:\Windows\system32\USER32.dll
0x000007fefea10000 - 0x000007fefea77000 	C:\Windows\system32\GDI32.dll
0x000007fefeb30000 - 0x000007fefeb3e000 	C:\Windows\system32\LPK.dll
0x000007fefe590000 - 0x000007fefe659000 	C:\Windows\system32\USP10.dll
0x0000000004790000 - 0x0000000004a6c000 	C:\Program Files\MATLAB\R2012b\bin\win64\libmwservices.dll
0x0000000075a20000 - 0x0000000075af3000 	C:\Program Files\MATLAB\R2012b\bin\win64\libmx.dll
0x0000000004a90000 - 0x0000000004ab9000 	C:\Program Files\MATLAB\R2012b\bin\win64\tbbmalloc.dll
0x000000007a210000 - 0x000000007a228000 	C:\Program Files\MATLAB\R2012b\bin\win64\zlib1.dll
0x0000000004ae0000 - 0x0000000004b2d000 	C:\Program Files\MATLAB\R2012b\bin\win64\libmwregexp.dll
0x0000000004b40000 - 0x0000000004b63000 	C:\Program Files\MATLAB\R2012b\bin\win64\libmwmfl_scalar.dll
0x0000000075f10000 - 0x0000000075f60000 	C:\Program Files\MATLAB\R2012b\bin\win64\mpath.dll
0x000000007b680000 - 0x000000007bc9a000 	C:\Program Files\MATLAB\R2012b\bin\win64\mlutil.dll
0x00000000754d0000 - 0x0000000075551000 	C:\Program Files\MATLAB\R2012b\bin\win64\xmlcore.dll
0x0000000004bb0000 - 0x0000000004e03000 	C:\Program Files\MATLAB\R2012b\bin\win64\xerces-c_2_7.dll
0x0000000004e20000 - 0x0000000004e40000 	C:\Program Files\MATLAB\R2012b\bin\win64\libmwMATLAB_settings_res.dll
0x0000000004e50000 - 0x0000000004e60000 	C:\Program Files\MATLAB\R2012b\bin\win64\boost_iostreams-vc90-mt-1_44.dll
0x0000000004e70000 - 0x0000000004eb7000 	C:\Program Files\MATLAB\R2012b\bin\win64\boost_serialization-vc90-mt-1_44.dll
0x000007fefd800000 - 0x000007fefe588000 	C:\Windows\system32\SHELL32.dll
0x000007fefd670000 - 0x000007fefd6e1000 	C:\Windows\system32\SHLWAPI.dll
0x000007fef9e50000 - 0x000007fef9ef0000 	C:\Windows\WinSxS\amd64_microsoft.windows.common-controls_6595b64144ccf1df_5.82.7601.17514_none_a4d6a923711520a9\COMCTL32.dll
0x000007fefe970000 - 0x000007fefea07000 	C:\Windows\system32\COMDLG32.dll
0x000007fefc2c0000 - 0x000007fefc2d6000 	C:\Windows\system32\NETAPI32.dll
0x000007fefc2b0000 - 0x000007fefc2bc000 	C:\Windows\system32\netutils.dll
0x000007fefced0000 - 0x000007fefcef3000 	C:\Windows\system32\srvcli.dll
0x000007fefc290000 - 0x000007fefc2a5000 	C:\Windows\system32\wkscli.dll
0x000007fefe6c0000 - 0x000007fefe8c3000 	C:\Windows\system32\ole32.dll
0x000007fefeec0000 - 0x000007fefef97000 	C:\Windows\system32\OLEAUT32.dll
0x0000000074970000 - 0x0000000074a31000 	C:\Program Files\MATLAB\R2012b\bin\win64\mcr.dll
0x0000000075000000 - 0x00000000753e9000 	C:\Program Files\MATLAB\R2012b\bin\win64\iqm.dll
0x0000000074e80000 - 0x0000000074f38000 	C:\Program Files\MATLAB\R2012b\bin\win64\m_dispatcher.dll
0x0000000074880000 - 0x000000007496d000 	C:\Program Files\MATLAB\R2012b\bin\win64\boost_regex-vc90-mt-1_44.dll
0x000007fee5b60000 - 0x000007fee63d1000 	C:\Program Files\MATLAB\R2012b\bin\win64\m_interpreter.dll
0x000000006f3e0000 - 0x000000006f407000 	C:\Program Files\MATLAB\R2012b\bin\win64\libmex.dll
0x0000000060930000 - 0x00000000609b4000 	C:\Program Files\MATLAB\R2012b\bin\win64\profiler.dll
0x0000000004f40000 - 0x00000000051aa000 	C:\Program Files\MATLAB\R2012b\bin\win64\libmwmathutil.dll
0x0000000079f40000 - 0x0000000079f6e000 	C:\Program Files\MATLAB\R2012b\bin\win64\libmwmathrng.dll
0x00000000051d0000 - 0x00000000051e2000 	C:\Program Files\MATLAB\R2012b\bin\win64\libmwmfl_rng.dll
0x0000000074c10000 - 0x0000000074cee000 	C:\Program Files\MATLAB\R2012b\bin\win64\libmwmathcore.dll
0x0000000076160000 - 0x00000000761ca000 	C:\Program Files\MATLAB\R2012b\bin\win64\libmwspmatrix.dll
0x0000000075ea0000 - 0x0000000075f02000 	C:\Program Files\MATLAB\R2012b\bin\win64\libmwcholmod.dll
0x000000007a460000 - 0x000000007a46d000 	C:\Program Files\MATLAB\R2012b\bin\win64\libmwamd.dll
0x000000007a4b0000 - 0x000000007a4bc000 	C:\Program Files\MATLAB\R2012b\bin\win64\libmwcolamd.dll
0x000000007a290000 - 0x000000007a2a9000 	C:\Program Files\MATLAB\R2012b\bin\win64\libmwblas.dll
0x000000007a310000 - 0x000000007a321000 	C:\Program Files\MATLAB\R2012b\bin\win64\libmwbinder.dll
0x000000007a4d0000 - 0x000000007a4dc000 	C:\Program Files\MATLAB\R2012b\bin\win64\libmwompwrapper.dll
0x0000000005280000 - 0x0000000005305000 	C:\Program Files\MATLAB\R2012b\bin\win64\libmwlapack.dll
0x0000000060900000 - 0x0000000060921000 	C:\Program Files\MATLAB\R2012b\bin\win64\m_pcodeio.dll
0x0000000079b10000 - 0x0000000079b77000 	C:\Program Files\MATLAB\R2012b\bin\win64\m_ir.dll
0x000000005af40000 - 0x000000005b5b0000 	C:\Program Files\MATLAB\R2012b\bin\win64\m_parser.dll
0x00000000608e0000 - 0x00000000608fa000 	C:\Program Files\MATLAB\R2012b\bin\win64\ir_xfmr.dll
0x000007fee69c0000 - 0x000007fee6c56000 	C:\Program Files\MATLAB\R2012b\bin\win64\mcos.dll
0x00000000608c0000 - 0x00000000608d1000 	C:\Program Files\MATLAB\R2012b\bin\win64\mtok.dll
0x0000000060880000 - 0x00000000608b1000 	C:\Program Files\MATLAB\R2012b\bin\win64\m_pcodegen.dll
0x0000000079fb0000 - 0x0000000079fe6000 	C:\Program Files\MATLAB\R2012b\bin\win64\libmwbridge.dll
0x000000005fff0000 - 0x00000000600b8000 	C:\Program Files\MATLAB\R2012b\bin\win64\udd.dll
0x000000005fe90000 - 0x000000005ffe2000 	C:\Program Files\MATLAB\R2012b\bin\win64\libmwgui.dll
0x0000000060860000 - 0x0000000060877000 	C:\Program Files\MATLAB\R2012b\bin\win64\graphics_util.dll
0x00000000575a0000 - 0x0000000057fff000 	C:\Program Files\MATLAB\R2012b\bin\win64\hg.dll
0x00000000053e0000 - 0x0000000005448000 	C:\Program Files\MATLAB\R2012b\bin\win64\libmat.dll
0x0000000072d30000 - 0x0000000072f44000 	C:\Program Files\MATLAB\R2012b\bin\win64\hdf5dll.dll
0x0000000075710000 - 0x00000000757de000 	C:\Program Files\MATLAB\R2012b\bin\win64\jmi.dll
0x0000000005480000 - 0x000000000548d000 	C:\Program Files\MATLAB\R2012b\bin\win64\nativejava_services.dll
0x00000000602f0000 - 0x0000000060336000 	C:\Program Files\MATLAB\R2012b\bin\win64\libmwhardcopy.dll
0x000000005fe20000 - 0x000000005fe83000 	C:\Program Files\MATLAB\R2012b\bin\win64\libuij.dll
0x000000005b9b0000 - 0x000000005bc14000 	C:\Program Files\MATLAB\R2012b\bin\win64\hgdatatypes.dll
0x000000005f3a0000 - 0x000000005f4bf000 	C:\Program Files\MATLAB\R2012b\bin\win64\hgutils.dll
0x000000005fd60000 - 0x000000005fe20000 	C:\Program Files\MATLAB\R2012b\bin\win64\udd_mi.dll
0x00000000054f0000 - 0x000000000552b000 	C:\Program Files\MATLAB\R2012b\bin\win64\libmwgbtutils.dll
0x0000000005540000 - 0x000000000555b000 	C:\Program Files\MATLAB\R2012b\bin\win64\libmwgbt.dll
0x0000000005570000 - 0x0000000005841000 	C:\Program Files\MATLAB\R2012b\bin\win64\uiw.dll
0x0000000060850000 - 0x000000006085f000 	C:\Program Files\MATLAB\R2012b\bin\win64\uinone.dll
0x0000000005870000 - 0x0000000005899000 	C:\Program Files\MATLAB\R2012b\bin\win64\libmwnativefiledialogs.dll
0x00000000058b0000 - 0x00000000058b8000 	C:\Program Files\MATLAB\R2012b\bin\win64\libmwplatform_res.dll
0x000007fefb1b0000 - 0x000007fefb1c8000 	C:\Windows\system32\MPR.dll
0x0000000059790000 - 0x0000000059c74000 	C:\Windows\WinSxS\amd64_microsoft.vc90.mfc_1fc8b3b9a1e18e3b_9.0.30729.6161_none_044aad0bab1eb146\mfc90.dll
0x000007fef9e40000 - 0x000007fef9e47000 	C:\Windows\system32\MSIMG32.dll
0x000007fef8110000 - 0x000007fef8181000 	C:\Windows\system32\WINSPOOL.DRV
0x00000000602c0000 - 0x00000000602e2000 	C:\Program Files\MATLAB\R2012b\bin\win64\mwoles05.DLL
0x000000005f320000 - 0x000000005f39d000 	C:\Program Files\MATLAB\R2012b\bin\win64\comcli.dll
0x000000005fd30000 - 0x000000005fd5f000 	C:\Windows\WinSxS\amd64_microsoft.vc90.atl_1fc8b3b9a1e18e3b_9.0.30729.6161_none_0a1fd3a3a768b895\ATL90.DLL
0x00000000708e0000 - 0x00000000708ec000 	C:\Program Files\MATLAB\R2012b\bin\win64\mlautoregister.dll
0x000007fefe920000 - 0x000007fefe94e000 	C:\Windows\system32\IMM32.DLL
0x000007fefd6f0000 - 0x000007fefd7f9000 	C:\Windows\system32\MSCTF.dll
0x000007fef9de0000 - 0x000007fef9e36000 	C:\Windows\system32\UxTheme.dll
0x000007fef9dc0000 - 0x000007fef9dd8000 	C:\Windows\system32\dwmapi.dll
0x0000000060840000 - 0x000000006084d000 	C:\Windows\WinSxS\amd64_microsoft.vc90.mfcloc_1fc8b3b9a1e18e3b_9.0.30729.6161_none_01c9581e60cbee58\MFC90ENU.DLL
0x000007fefd2a0000 - 0x000007fefd2af000 	C:\Windows\system32\profapi.dll
0x0000000005a50000 - 0x0000000005a5f000 	C:\Program Files\MATLAB\R2012b\bin\win64\xmlxrcsc.dll
0x000007fefd1d0000 - 0x000007fefd1df000 	C:\Windows\system32\CRYPTBASE.dll
0x000007fefc500000 - 0x000007fefc6f4000 	C:\Windows\WinSxS\amd64_microsoft.windows.common-controls_6595b64144ccf1df_6.0.7601.17514_none_fa396087175ac9ac\comctl32.dll
0x000007fefecc0000 - 0x000007fefee97000 	C:\Windows\system32\SETUPAPI.dll
0x000007fefd4c0000 - 0x000007fefd4f6000 	C:\Windows\system32\CFGMGR32.dll
0x000007fefd4a0000 - 0x000007fefd4ba000 	C:\Windows\system32\DEVOBJ.dll
0x000007fefea90000 - 0x000007fefeb29000 	C:\Windows\system32\CLBCatQ.DLL
0x000007fefba60000 - 0x000007fefbb8c000 	C:\Windows\system32\propsys.dll
0x000007fefb9e0000 - 0x000007fefba0d000 	C:\Windows\system32\ntmarta.dll

VM Arguments:
jvm_args: -Xss512k -XX:PermSize=32m -Xms64m -XX:NewRatio=3 -XX:MaxPermSize=128m -Xmx196m -XX:MaxDirectMemorySize=2147400000 -Dsun.java2d.noddraw=true -Dsun.awt.nopixfmt=true -Xshare:off -Xrs -Dsun.awt.disableMixing=true -Djava.library.path=C:\Program Files\MATLAB\R2012b\bin\win64;C:\Program Files\MATLAB\R2012b\sys\jxbrowser\win64\lib vfprintf abort 
java_command: <unknown>
Launcher Type: generic

Environment Variables:
PATH=C:\PROGRAM FILES\COMMON FILES\MICROSOFT SHARED\WINDOWS LIVE;C:\PROGRAM FILES (X86)\COMMON FILES\MICROSOFT SHARED\WINDOWS LIVE;C:\PROGRAM FILES (X86)\INTEL\ICLS CLIENT\;C:\PROGRAM FILES\INTEL\ICLS CLIENT\;C:\Windows\SYSTEM32;C:\Windows;C:\Windows\SYSTEM32\WBEM;C:\Windows\SYSTEM32\WINDOWSPOWERSHELL\V1.0\;C:\PROGRAM FILES\INTEL\INTEL(R) MANAGEMENT ENGINE COMPONENTS\DAL;C:\PROGRAM FILES\INTEL\INTEL(R) MANAGEMENT ENGINE COMPONENTS\IPT;C:\PROGRAM FILES (X86)\INTEL\INTEL(R) MANAGEMENT ENGINE COMPONENTS\DAL;C:\PROGRAM FILES (X86)\INTEL\INTEL(R) MANAGEMENT ENGINE COMPONENTS\IPT;C:\PROGRAM FILES (X86)\INTEL\OPENCL SDK\2.0\BIN\X86;C:\PROGRAM FILES (X86)\INTEL\OPENCL SDK\2.0\BIN\X64;C:\PROGRAM FILES\COMMON FILES\LENOVO;C:\PROGRAM FILES (X86)\COMMON FILES\ULEAD SYSTEMS\MPEG;C:\PROGRAM FILES (X86)\WINDOWS LIVE\SHARED;C:\SWTOOLS\READYAPPS;C:\PROGRAM FILES (X86)\COMMON FILES\LENOVO;C:\Program Files\Intel\WiFi\bin\;C:\Program Files\Common Files\Intel\WirelessCommon\;C:\Program Files\MATLAB\R2012b\runtime\win64;C:\Program Files\MATLAB\R2012b\bin;C:\Program Files\Intel\WiFi\bin\;C:\Program Files\Common Files\Intel\WirelessCommon\
USERNAME=ilya
OS=Windows_NT
PROCESSOR_IDENTIFIER=Intel64 Family 6 Model 58 Stepping 9, GenuineIntel



---------------  S Y S T E M  ---------------

OS: Windows 7 Build 7601 Service Pack 1

CPU:total 4 (8 cores per cpu, 2 threads per core) family 6 model 58 stepping 9, cmov, cx8, fxsr, mmx, sse, sse2, sse3, ssse3, sse4.1, sse4.2, ht

Memory: 4k page, physical 16465712k(11894320k free), swap 32929564k(28146024k free)

vm_info: Java HotSpot(TM) 64-Bit Server VM (14.3-b01) for windows-amd64 JRE (1.6.0_17-b04), built on Oct 11 2009 00:46:08 by "java_re" with MS VC++ 8.0

time: Sun Jun 02 19:30:30 2013
elapsed time: 16841 seconds

