#
# A fatal error has been detected by the Java Runtime Environment:
#
#  Internal Error (os_windows_x86.cpp:114), pid=30840, tid=2268
#  Error: guarantee(result == -1,"Unexpected result from topLevelExceptionFilter")
#
# JRE version: 6.0_17-b04
# Java VM: Java HotSpot(TM) 64-Bit Server VM (14.3-b01 mixed mode windows-amd64 )
# If you would like to submit a bug report, please visit:
#   http://java.sun.com/webapps/bugreport/crash.jsp
# The crash happened outside the Java Virtual Machine in native code.
# See problematic frame for where to report the bug.
#

---------------  T H R E A D  ---------------

Current thread (0x000000005602f000):  JavaThread "AWT-EventQueue-0" [_thread_in_native, id=2268, stack(0x00000000254e0000,0x0000000025560000)]

Stack: [0x00000000254e0000,0x0000000025560000]
[error occurred during error reporting (printing stack bounds), id 0xc0000005]

Java frames: (J=compiled Java code, j=interpreted, Vv=VM code)
j  com.mathworks.services.settings.Setting.nativeSet(JJ[Ljava/lang/String;Ljava/lang/String;Lcom/mathworks/services/settings/SettingInfo;Ljava/lang/String;)V+0
j  com.mathworks.services.settings.Setting.set(JLjava/lang/Object;Lcom/mathworks/services/settings/SettingLevel;)V+367
j  com.mathworks.services.settings.Setting.set(Ljava/lang/Object;Lcom/mathworks/services/settings/SettingLevel;)V+4
j  com.mathworks.services.settings.Setting.set(Ljava/lang/Object;)V+5
j  com.mathworks.mlwidgets.explorer.model.table.ExplorerTableConfigurationSerializer.saveColumnSizes(Lcom/mathworks/widgets/grouptable/GroupingTableConfiguration;)V+12
j  com.mathworks.mlwidgets.explorer.model.table.ExplorerTableConfigurationSerializer.save(Lcom/mathworks/widgets/grouptable/GroupingTableConfiguration;)V+22
j  com.mathworks.widgets.grouptable.GroupingTableConfiguration$1.propertyChange(Ljava/beans/PropertyChangeEvent;)V+11
J  java.beans.PropertyChangeSupport.firePropertyChange(Ljava/beans/PropertyChangeEvent;)V
J  java.beans.PropertyChangeSupport.firePropertyChange(Ljava/lang/String;Ljava/lang/Object;Ljava/lang/Object;)V
j  com.mathworks.widgets.grouptable.GroupingTableConfiguration.setColumnSize(Lcom/mathworks/widgets/grouptable/GroupingTableColumn;ZIZ)V+50
j  com.mathworks.widgets.grouptable.GroupingTableConfiguration.setColumnSize(Lcom/mathworks/widgets/grouptable/GroupingTableColumn;ZI)V+5
j  com.mathworks.widgets.grouptable.GroupingTableConfiguration.setColumnSizeIfNotFixed(Lcom/mathworks/widgets/grouptable/GroupingTableColumn;I)V+15
j  com.mathworks.widgets.grouptable.GroupingTable$27$1.actionPerformed(Ljava/awt/event/ActionEvent;)V+71
J  javax.swing.Timer.fireActionPerformed(Ljava/awt/event/ActionEvent;)V
j  javax.swing.Timer$DoPostEvent.run()V+71
J  java.awt.event.InvocationEvent.dispatch()V
J  java.awt.EventDispatchThread.pumpOneEventForFilters(I)Z
J  java.awt.EventDispatchThread.pumpEventsForFilter(ILjava/awt/Conditional;Ljava/awt/EventFilter;)V
j  java.awt.EventDispatchThread.pumpEventsForHierarchy(ILjava/awt/Conditional;Ljava/awt/Component;)V+11
j  java.awt.EventDispatchThread.pumpEvents(ILjava/awt/Conditional;)V+4
j  java.awt.EventDispatchThread.pumpEvents(Ljava/awt/Conditional;)V+3
j  java.awt.EventDispatchThread.run()V+9
v  ~StubRoutines::call_stub

---------------  P R O C E S S  ---------------

Java Threads: ( => current thread )
  0x0000000055f41000 JavaThread "pool-7-thread-1" [_thread_blocked, id=37860, stack(0x0000000018c60000,0x0000000018ce0000)]
  0x0000000055f47800 JavaThread "pool-2-thread-1" [_thread_blocked, id=32804, stack(0x0000000018bc0000,0x0000000018c40000)]
  0x0000000055f4a000 JavaThread "Code Analyzer updating thread" [_thread_blocked, id=37808, stack(0x0000000015450000,0x00000000154d0000)]
  0x000000005679c800 JavaThread "Prefs Updater" daemon [_thread_blocked, id=34932, stack(0x00000000167d0000,0x0000000016850000)]
  0x000000005679e000 JavaThread "Foxtrot Single Worker Thread #1" daemon [_thread_blocked, id=35564, stack(0x0000000015370000,0x00000000153f0000)]
  0x000000005679a800 JavaThread "Code Analyzer updating thread" [_thread_blocked, id=35736, stack(0x0000000016500000,0x0000000016580000)]
  0x0000000055f3f800 JavaThread "Swing-Shell" daemon [_thread_blocked, id=33540, stack(0x0000000015240000,0x00000000152c0000)]
  0x0000000055f4b000 JavaThread "pool-1-thread-1" [_thread_blocked, id=30408, stack(0x0000000015110000,0x0000000015190000)]
  0x0000000055f49000 JavaThread "Code Analyzer updating thread" [_thread_blocked, id=36108, stack(0x00000000582f0000,0x0000000058370000)]
  0x0000000055f48800 JavaThread "Code Analyzer updating thread" [_thread_blocked, id=32848, stack(0x0000000057e50000,0x0000000057ed0000)]
  0x0000000055f47000 JavaThread "Code Analyzer updating thread" [_thread_blocked, id=34984, stack(0x0000000057ad0000,0x0000000057b50000)]
  0x0000000055f46000 JavaThread "Active Reference Queue Daemon" daemon [_thread_blocked, id=33640, stack(0x0000000057d70000,0x0000000057df0000)]
  0x0000000055f44800 JavaThread "Timer-5" daemon [_thread_blocked, id=35876, stack(0x0000000057c20000,0x0000000057ca0000)]
  0x0000000055f45800 JavaThread "Timer-4" daemon [_thread_blocked, id=36788, stack(0x0000000057cc0000,0x0000000057d40000)]
  0x0000000055f44000 JavaThread "Explorer NavigationContext request queue" [_thread_blocked, id=36452, stack(0x0000000057ba0000,0x0000000057c20000)]
  0x0000000055f42800 JavaThread "AddressBar directory emptiness poller" [_thread_blocked, id=34552, stack(0x00000000579c0000,0x0000000057a40000)]
  0x0000000055f42000 JavaThread "Explorer Refresh Service 988558046" [_thread_blocked, id=33020, stack(0x0000000057830000,0x00000000578b0000)]
  0x0000000055f40800 JavaThread "Timer-1" daemon [_thread_blocked, id=34740, stack(0x00000000573a0000,0x0000000057420000)]
  0x0000000055f3d800 JavaThread "TimerQueue" daemon [_thread_blocked, id=35072, stack(0x000000004cc60000,0x000000004cce0000)]
  0x0000000055f3d000 JavaThread "Thread-5" daemon [_thread_blocked, id=17308, stack(0x0000000029690000,0x0000000029710000)]
  0x0000000055f3c000 JavaThread "FelixPackageAdmin" daemon [_thread_blocked, id=36172, stack(0x000000004cbe0000,0x000000004cc60000)]
  0x000000005628c800 JavaThread "FelixStartLevel" daemon [_thread_blocked, id=17364, stack(0x00000000255b0000,0x0000000025630000)]
  0x000000005628b800 JavaThread "FelixDispatchQueue" daemon [_thread_blocked, id=32200, stack(0x0000000021380000,0x0000000021400000)]
=>0x000000005602f000 JavaThread "AWT-EventQueue-0" [_thread_in_native, id=2268, stack(0x00000000254e0000,0x0000000025560000)]
  0x0000000055e96000 JavaThread "com.google.common.base.internal.Finalizer" daemon [_thread_blocked, id=6000, stack(0x000000000ef70000,0x000000000eff0000)]
  0x0000000055e3d000 JavaThread "AWT-Windows" daemon [_thread_in_native, id=34048, stack(0x000000000f020000,0x000000000f0a0000)]
  0x000000000f7bf000 JavaThread "AWT-Shutdown" [_thread_blocked, id=34612, stack(0x0000000015040000,0x00000000150c0000)]
  0x000000000f7be800 JavaThread "Java2D Disposer" daemon [_thread_blocked, id=36400, stack(0x000000000f2c0000,0x000000000f340000)]
  0x000000000ffbf800 JavaThread "Timer-0" [_thread_blocked, id=33892, stack(0x0000000014f50000,0x0000000014fd0000)]
  0x0000000055ae1000 JavaThread "EventMgr Dispatcher" daemon [_thread_in_native, id=34420, stack(0x0000000009120000,0x000000000d120000)]
  0x000000000ee67800 JavaThread "Low Memory Detector" daemon [_thread_blocked, id=35360, stack(0x000000000f340000,0x000000000f3c0000)]
  0x000000000ee61800 JavaThread "CompilerThread1" daemon [_thread_blocked, id=34784, stack(0x00000000881a0000,0x000000008c1a0000)]
  0x000000000ee56800 JavaThread "CompilerThread0" daemon [_thread_blocked, id=34820, stack(0x0000000084190000,0x0000000088190000)]
  0x000000000ee55800 JavaThread "Attach Listener" daemon [_thread_blocked, id=36652, stack(0x000000000f1b0000,0x000000000f230000)]
  0x000000000edfb000 JavaThread "Finalizer" daemon [_thread_blocked, id=36192, stack(0x000000000f230000,0x000000000f2b0000)]
  0x00000000065db800 JavaThread "Reference Handler" daemon [_thread_blocked, id=5584, stack(0x000000000f0a0000,0x000000000f120000)]
  0x0000000006523800 JavaThread "main" [_thread_in_native, id=32844, stack(0x0000000000140000,0x0000000004140000)]

Other Threads:
  0x000000000edf2800 VMThread [stack: 0x0000000080000000,0x0000000084000000] [id=35260]
  0x000000000ee93000 WatcherThread [stack: 0x000000008c2e0000,0x00000000902e0000] [id=33084]

VM state:not at safepoint (normal execution)

VM Mutex/Monitor currently owned by a thread: None

Heap
 PSYoungGen      total 24704K, used 8515K [0x0000000049ac0000, 0x000000004b730000, 0x000000004cbc0000)
  eden space 24512K, 34% used [0x0000000049ac0000,0x000000004a2e8c60,0x000000004b2b0000)
  from space 192K, 83% used [0x000000004b5c0000,0x000000004b5e8000,0x000000004b5f0000)
  to   space 1024K, 0% used [0x000000004b630000,0x000000004b630000,0x000000004b730000)
 PSOldGen        total 110976K, used 87124K [0x00000000407c0000, 0x0000000047420000, 0x0000000049ac0000)
  object space 110976K, 78% used [0x00000000407c0000,0x0000000045cd5098,0x0000000047420000)
 PSPermGen       total 128384K, used 69483K [0x00000000387c0000, 0x0000000040520000, 0x00000000407c0000)
  object space 128384K, 54% used [0x00000000387c0000,0x000000003cb9afb8,0x0000000040520000)

Dynamic libraries:
0x000000013f990000 - 0x000000013f9bd000 	C:\Program Files\MATLAB\R2012b\bin\win64\MATLAB.exe
0x0000000077880000 - 0x0000000077a29000 	C:\Windows\SYSTEM32\ntdll.dll
0x00000000772f0000 - 0x000000007740f000 	C:\Windows\system32\kernel32.dll
0x000007fefdf40000 - 0x000007fefdfac000 	C:\Windows\system32\KERNELBASE.dll
0x0000000074460000 - 0x000000007451f000 	C:\Program Files\MATLAB\R2012b\bin\win64\libut.dll
0x00000000758a0000 - 0x000000007595c000 	C:\Program Files\MATLAB\R2012b\bin\win64\libmwi18n.dll
0x0000000180000000 - 0x000000018000b000 	C:\Program Files\MATLAB\R2012b\bin\win64\libmwresource_core.dll
0x0000000071c00000 - 0x0000000071cd3000 	C:\Windows\WinSxS\amd64_microsoft.vc90.crt_1fc8b3b9a1e18e3b_9.0.30729.6161_none_08e61857a83bc251\MSVCP90.dll
0x00000000719b0000 - 0x0000000071a53000 	C:\Windows\WinSxS\amd64_microsoft.vc90.crt_1fc8b3b9a1e18e3b_9.0.30729.6161_none_08e61857a83bc251\MSVCR90.dll
0x000000007a170000 - 0x000000007a19c000 	C:\Program Files\MATLAB\R2012b\bin\win64\boost_filesystem-vc90-mt-1_44.dll
0x000000007a560000 - 0x000000007a569000 	C:\Program Files\MATLAB\R2012b\bin\win64\boost_system-vc90-mt-1_44.dll
0x000007feff380000 - 0x000007feff45b000 	C:\Windows\system32\ADVAPI32.dll
0x000007feff180000 - 0x000007feff21f000 	C:\Windows\system32\msvcrt.dll
0x000007feff770000 - 0x000007feff78f000 	C:\Windows\SYSTEM32\sechost.dll
0x000007feff640000 - 0x000007feff76d000 	C:\Windows\system32\RPCRT4.dll
0x000000007a010000 - 0x000000007a035000 	C:\Program Files\MATLAB\R2012b\bin\win64\LIBEXPAT.dll
0x00000000617f0000 - 0x00000000619e1000 	C:\Program Files\MATLAB\R2012b\bin\win64\icuin44.dll
0x0000000064460000 - 0x00000000645d1000 	C:\Program Files\MATLAB\R2012b\bin\win64\icuuc44.dll
0x0000000010000000 - 0x0000000010e41000 	C:\Program Files\MATLAB\R2012b\bin\win64\icudt44.dll
0x0000000073f70000 - 0x000000007411d000 	C:\Program Files\MATLAB\R2012b\bin\win64\libmwfl.dll
0x0000000004330000 - 0x00000000046e6000 	C:\Program Files\MATLAB\R2012b\bin\win64\libmwMATLAB_res.dll
0x000000007a3b0000 - 0x000000007a3c0000 	C:\Program Files\MATLAB\R2012b\bin\win64\boost_date_time-vc90-mt-1_44.dll
0x000000007a250000 - 0x000000007a263000 	C:\Program Files\MATLAB\R2012b\bin\win64\boost_signals-vc90-mt-1_44.dll
0x000000007a2d0000 - 0x000000007a2e2000 	C:\Program Files\MATLAB\R2012b\bin\win64\boost_thread-vc90-mt-1_44.dll
0x00000000046f0000 - 0x00000000047ad000 	C:\Program Files\MATLAB\R2012b\bin\win64\boost_log-vc90-mt-1_44.dll
0x0000000077a50000 - 0x0000000077a57000 	C:\Windows\system32\PSAPI.DLL
0x000007feff090000 - 0x000007feff0dd000 	C:\Windows\system32\WS2_32.dll
0x000007feff840000 - 0x000007feff848000 	C:\Windows\system32\NSI.dll
0x00000000041a0000 - 0x00000000041e6000 	C:\Program Files\MATLAB\R2012b\bin\win64\tbb.dll
0x000007feff790000 - 0x000007feff7a9000 	C:\Windows\system32\imagehlp.dll
0x000000006dba0000 - 0x000000006dbb3000 	C:\Program Files\MATLAB\R2012b\bin\win64\icuio44.dll
0x000007fefbe60000 - 0x000007fefbf85000 	C:\Windows\system32\dbghelp.dll
0x0000000077410000 - 0x000000007750a000 	C:\Windows\system32\USER32.dll
0x000007fefe180000 - 0x000007fefe1e7000 	C:\Windows\system32\GDI32.dll
0x000007feff7b0000 - 0x000007feff7be000 	C:\Windows\system32\LPK.dll
0x000007feff850000 - 0x000007feff919000 	C:\Windows\system32\USP10.dll
0x00000000047b0000 - 0x0000000004a8c000 	C:\Program Files\MATLAB\R2012b\bin\win64\libmwservices.dll
0x0000000075a20000 - 0x0000000075af3000 	C:\Program Files\MATLAB\R2012b\bin\win64\libmx.dll
0x0000000004a90000 - 0x0000000004ab9000 	C:\Program Files\MATLAB\R2012b\bin\win64\tbbmalloc.dll
0x000000007a210000 - 0x000000007a228000 	C:\Program Files\MATLAB\R2012b\bin\win64\zlib1.dll
0x0000000004ae0000 - 0x0000000004b2d000 	C:\Program Files\MATLAB\R2012b\bin\win64\libmwregexp.dll
0x0000000004b40000 - 0x0000000004b63000 	C:\Program Files\MATLAB\R2012b\bin\win64\libmwmfl_scalar.dll
0x0000000075f10000 - 0x0000000075f60000 	C:\Program Files\MATLAB\R2012b\bin\win64\mpath.dll
0x000000007b680000 - 0x000000007bc9a000 	C:\Program Files\MATLAB\R2012b\bin\win64\mlutil.dll
0x00000000754d0000 - 0x0000000075551000 	C:\Program Files\MATLAB\R2012b\bin\win64\xmlcore.dll
0x0000000004bb0000 - 0x0000000004e03000 	C:\Program Files\MATLAB\R2012b\bin\win64\xerces-c_2_7.dll
0x0000000004e20000 - 0x0000000004e40000 	C:\Program Files\MATLAB\R2012b\bin\win64\libmwMATLAB_settings_res.dll
0x0000000004e50000 - 0x0000000004e60000 	C:\Program Files\MATLAB\R2012b\bin\win64\boost_iostreams-vc90-mt-1_44.dll
0x0000000004e70000 - 0x0000000004eb7000 	C:\Program Files\MATLAB\R2012b\bin\win64\boost_serialization-vc90-mt-1_44.dll
0x000007fefe1f0000 - 0x000007fefef78000 	C:\Windows\system32\SHELL32.dll
0x000007feff7c0000 - 0x000007feff831000 	C:\Windows\system32\SHLWAPI.dll
0x000007fef9af0000 - 0x000007fef9b90000 	C:\Windows\WinSxS\amd64_microsoft.windows.common-controls_6595b64144ccf1df_5.82.7601.17514_none_a4d6a923711520a9\COMCTL32.dll
0x000007feff0e0000 - 0x000007feff177000 	C:\Windows\system32\COMDLG32.dll
0x000007fefccc0000 - 0x000007fefccd6000 	C:\Windows\system32\NETAPI32.dll
0x000007fefccb0000 - 0x000007fefccbc000 	C:\Windows\system32\netutils.dll
0x000007fefd910000 - 0x000007fefd933000 	C:\Windows\system32\srvcli.dll
0x000007fefcc90000 - 0x000007fefcca5000 	C:\Windows\system32\wkscli.dll
0x000007feff980000 - 0x000007feffb83000 	C:\Windows\system32\ole32.dll
0x000007feff2a0000 - 0x000007feff377000 	C:\Windows\system32\OLEAUT32.dll
0x0000000074970000 - 0x0000000074a31000 	C:\Program Files\MATLAB\R2012b\bin\win64\mcr.dll
0x0000000075000000 - 0x00000000753e9000 	C:\Program Files\MATLAB\R2012b\bin\win64\iqm.dll
0x0000000074e80000 - 0x0000000074f38000 	C:\Program Files\MATLAB\R2012b\bin\win64\m_dispatcher.dll
0x0000000074880000 - 0x000000007496d000 	C:\Program Files\MATLAB\R2012b\bin\win64\boost_regex-vc90-mt-1_44.dll
0x000007fee3930000 - 0x000007fee41a1000 	C:\Program Files\MATLAB\R2012b\bin\win64\m_interpreter.dll
0x000000006df60000 - 0x000000006df87000 	C:\Program Files\MATLAB\R2012b\bin\win64\libmex.dll
0x00000000659a0000 - 0x0000000065a24000 	C:\Program Files\MATLAB\R2012b\bin\win64\profiler.dll
0x0000000004f40000 - 0x00000000051aa000 	C:\Program Files\MATLAB\R2012b\bin\win64\libmwmathutil.dll
0x0000000079f40000 - 0x0000000079f6e000 	C:\Program Files\MATLAB\R2012b\bin\win64\libmwmathrng.dll
0x00000000051d0000 - 0x00000000051e2000 	C:\Program Files\MATLAB\R2012b\bin\win64\libmwmfl_rng.dll
0x0000000074c10000 - 0x0000000074cee000 	C:\Program Files\MATLAB\R2012b\bin\win64\libmwmathcore.dll
0x0000000076160000 - 0x00000000761ca000 	C:\Program Files\MATLAB\R2012b\bin\win64\libmwspmatrix.dll
0x0000000075ea0000 - 0x0000000075f02000 	C:\Program Files\MATLAB\R2012b\bin\win64\libmwcholmod.dll
0x000000007a460000 - 0x000000007a46d000 	C:\Program Files\MATLAB\R2012b\bin\win64\libmwamd.dll
0x000000007a4b0000 - 0x000000007a4bc000 	C:\Program Files\MATLAB\R2012b\bin\win64\libmwcolamd.dll
0x000000007a290000 - 0x000000007a2a9000 	C:\Program Files\MATLAB\R2012b\bin\win64\libmwblas.dll
0x000000007a310000 - 0x000000007a321000 	C:\Program Files\MATLAB\R2012b\bin\win64\libmwbinder.dll
0x000000007a4d0000 - 0x000000007a4dc000 	C:\Program Files\MATLAB\R2012b\bin\win64\libmwompwrapper.dll
0x0000000005280000 - 0x0000000005305000 	C:\Program Files\MATLAB\R2012b\bin\win64\libmwlapack.dll
0x000000006da10000 - 0x000000006da31000 	C:\Program Files\MATLAB\R2012b\bin\win64\m_pcodeio.dll
0x0000000079b10000 - 0x0000000079b77000 	C:\Program Files\MATLAB\R2012b\bin\win64\m_ir.dll
0x0000000078480000 - 0x0000000078af0000 	C:\Program Files\MATLAB\R2012b\bin\win64\m_parser.dll
0x000000006da70000 - 0x000000006da8a000 	C:\Program Files\MATLAB\R2012b\bin\win64\ir_xfmr.dll
0x000007fee6f90000 - 0x000007fee7226000 	C:\Program Files\MATLAB\R2012b\bin\win64\mcos.dll
0x000000006a850000 - 0x000000006a861000 	C:\Program Files\MATLAB\R2012b\bin\win64\mtok.dll
0x0000000065a80000 - 0x0000000065ab1000 	C:\Program Files\MATLAB\R2012b\bin\win64\m_pcodegen.dll
0x0000000079fb0000 - 0x0000000079fe6000 	C:\Program Files\MATLAB\R2012b\bin\win64\libmwbridge.dll
0x0000000065130000 - 0x00000000651f8000 	C:\Program Files\MATLAB\R2012b\bin\win64\udd.dll
0x0000000064300000 - 0x0000000064452000 	C:\Program Files\MATLAB\R2012b\bin\win64\libmwgui.dll
0x00000000694f0000 - 0x0000000069507000 	C:\Program Files\MATLAB\R2012b\bin\win64\graphics_util.dll
0x00000000053d0000 - 0x0000000005e2f000 	C:\Program Files\MATLAB\R2012b\bin\win64\hg.dll
0x0000000005e40000 - 0x0000000005ea8000 	C:\Program Files\MATLAB\R2012b\bin\win64\libmat.dll
0x0000000072d30000 - 0x0000000072f44000 	C:\Program Files\MATLAB\R2012b\bin\win64\hdf5dll.dll
0x0000000075710000 - 0x00000000757de000 	C:\Program Files\MATLAB\R2012b\bin\win64\jmi.dll
0x0000000005ee0000 - 0x0000000005eed000 	C:\Program Files\MATLAB\R2012b\bin\win64\nativejava_services.dll
0x0000000068a60000 - 0x0000000068aa6000 	C:\Program Files\MATLAB\R2012b\bin\win64\libmwhardcopy.dll
0x0000000065070000 - 0x00000000650d3000 	C:\Program Files\MATLAB\R2012b\bin\win64\libuij.dll
0x0000000057f80000 - 0x00000000581e4000 	C:\Program Files\MATLAB\R2012b\bin\win64\hgdatatypes.dll
0x0000000063cb0000 - 0x0000000063dcf000 	C:\Program Files\MATLAB\R2012b\bin\win64\hgutils.dll
0x0000000061730000 - 0x00000000617f0000 	C:\Program Files\MATLAB\R2012b\bin\win64\udd_mi.dll
0x0000000005f50000 - 0x0000000005f8b000 	C:\Program Files\MATLAB\R2012b\bin\win64\libmwgbtutils.dll
0x0000000005fa0000 - 0x0000000005fbb000 	C:\Program Files\MATLAB\R2012b\bin\win64\libmwgbt.dll
0x0000000005fd0000 - 0x00000000062a1000 	C:\Program Files\MATLAB\R2012b\bin\win64\uiw.dll
0x0000000071a60000 - 0x0000000071a6f000 	C:\Program Files\MATLAB\R2012b\bin\win64\uinone.dll
0x00000000062d0000 - 0x00000000062f9000 	C:\Program Files\MATLAB\R2012b\bin\win64\libmwnativefiledialogs.dll
0x0000000006310000 - 0x0000000006318000 	C:\Program Files\MATLAB\R2012b\bin\win64\libmwplatform_res.dll
0x000007fefac30000 - 0x000007fefac48000 	C:\Windows\system32\MPR.dll
0x0000000051560000 - 0x0000000051a44000 	C:\Windows\WinSxS\amd64_microsoft.vc90.mfc_1fc8b3b9a1e18e3b_9.0.30729.6161_none_044aad0bab1eb146\mfc90.dll
0x000007fef9ae0000 - 0x000007fef9ae7000 	C:\Windows\system32\MSIMG32.dll
0x000007fef8b40000 - 0x000007fef8bb1000 	C:\Windows\system32\WINSPOOL.DRV
0x0000000065a50000 - 0x0000000065a72000 	C:\Program Files\MATLAB\R2012b\bin\win64\mwoles05.DLL
0x0000000064ff0000 - 0x000000006506d000 	C:\Program Files\MATLAB\R2012b\bin\win64\comcli.dll
0x0000000065970000 - 0x000000006599f000 	C:\Windows\WinSxS\amd64_microsoft.vc90.atl_1fc8b3b9a1e18e3b_9.0.30729.6161_none_0a1fd3a3a768b895\ATL90.DLL
0x0000000071bd0000 - 0x0000000071bdc000 	C:\Program Files\MATLAB\R2012b\bin\win64\mlautoregister.dll
0x000007fefe0b0000 - 0x000007fefe0de000 	C:\Windows\system32\IMM32.DLL
0x000007fefef80000 - 0x000007feff089000 	C:\Windows\system32\MSCTF.dll
0x000007fefb690000 - 0x000007fefb6e6000 	C:\Windows\system32\UxTheme.dll
0x000007fefb4d0000 - 0x000007fefb4e8000 	C:\Windows\system32\dwmapi.dll
0x00000000711b0000 - 0x00000000711bd000 	C:\Windows\WinSxS\amd64_microsoft.vc90.mfcloc_1fc8b3b9a1e18e3b_9.0.30729.6161_none_01c9581e60cbee58\MFC90ENU.DLL
0x000007fefdce0000 - 0x000007fefdcef000 	C:\Windows\system32\profapi.dll
0x00000000063b0000 - 0x00000000063bf000 	C:\Program Files\MATLAB\R2012b\bin\win64\xmlxrcsc.dll
0x000007fefdc10000 - 0x000007fefdc1f000 	C:\Windows\system32\CRYPTBASE.dll
0x000007fefcf00000 - 0x000007fefd0f4000 	C:\Windows\WinSxS\amd64_microsoft.windows.common-controls_6595b64144ccf1df_6.0.7601.17514_none_fa396087175ac9ac\comctl32.dll
0x000007feff460000 - 0x000007feff637000 	C:\Windows\system32\SETUPAPI.dll
0x000007fefdd90000 - 0x000007fefddc6000 	C:\Windows\system32\CFGMGR32.dll
0x000007fefdfb0000 - 0x000007fefdfca000 	C:\Windows\system32\DEVOBJ.dll
0x000007fefe0e0000 - 0x000007fefe179000 	C:\Windows\system32\CLBCatQ.DLL
0x000007fefc460000 - 0x000007fefc58c000 	C:\Windows\system32\propsys.dll
0x000007fefc3a0000 - 0x000007fefc3cd000 	C:\Windows\system32\ntmarta.dll

VM Arguments:
jvm_args: -Xss512k -XX:PermSize=32m -Xms64m -XX:NewRatio=3 -XX:MaxPermSize=128m -Xmx196m -XX:MaxDirectMemorySize=2147400000 -Dsun.java2d.noddraw=true -Dsun.awt.nopixfmt=true -Xshare:off -Xrs -Dsun.awt.disableMixing=true -Djava.library.path=C:\Program Files\MATLAB\R2012b\bin\win64;C:\Program Files\MATLAB\R2012b\sys\jxbrowser\win64\lib vfprintf abort 
java_command: <unknown>
Launcher Type: generic

Environment Variables:
PATH=C:\PROGRAM FILES\COMMON FILES\MICROSOFT SHARED\WINDOWS LIVE;C:\PROGRAM FILES (X86)\COMMON FILES\MICROSOFT SHARED\WINDOWS LIVE;C:\PROGRAM FILES (X86)\INTEL\ICLS CLIENT\;C:\PROGRAM FILES\INTEL\ICLS CLIENT\;C:\Windows\SYSTEM32;C:\Windows;C:\Windows\SYSTEM32\WBEM;C:\Windows\SYSTEM32\WINDOWSPOWERSHELL\V1.0\;C:\PROGRAM FILES\INTEL\INTEL(R) MANAGEMENT ENGINE COMPONENTS\DAL;C:\PROGRAM FILES\INTEL\INTEL(R) MANAGEMENT ENGINE COMPONENTS\IPT;C:\PROGRAM FILES (X86)\INTEL\INTEL(R) MANAGEMENT ENGINE COMPONENTS\DAL;C:\PROGRAM FILES (X86)\INTEL\INTEL(R) MANAGEMENT ENGINE COMPONENTS\IPT;C:\PROGRAM FILES (X86)\INTEL\OPENCL SDK\2.0\BIN\X86;C:\PROGRAM FILES (X86)\INTEL\OPENCL SDK\2.0\BIN\X64;C:\PROGRAM FILES\COMMON FILES\LENOVO;C:\PROGRAM FILES (X86)\COMMON FILES\ULEAD SYSTEMS\MPEG;C:\PROGRAM FILES (X86)\WINDOWS LIVE\SHARED;C:\SWTOOLS\READYAPPS;C:\PROGRAM FILES (X86)\COMMON FILES\LENOVO;C:\Program Files\Intel\WiFi\bin\;C:\Program Files\Common Files\Intel\WirelessCommon\;C:\Program Files\MATLAB\R2012b\runtime\win64;C:\Program Files\MATLAB\R2012b\bin;C:\Program Files\Intel\WiFi\bin\;C:\Program Files\Common Files\Intel\WirelessCommon\
USERNAME=ilya
OS=Windows_NT
PROCESSOR_IDENTIFIER=Intel64 Family 6 Model 58 Stepping 9, GenuineIntel



---------------  S Y S T E M  ---------------

OS: Windows 7 Build 7601 Service Pack 1

CPU:total 4 (8 cores per cpu, 2 threads per core) family 6 model 58 stepping 9, cmov, cx8, fxsr, mmx, sse, sse2, sse3, ssse3, sse4.1, sse4.2, ht

Memory: 4k page, physical 16465712k(11904548k free), swap 32929564k(28131560k free)

vm_info: Java HotSpot(TM) 64-Bit Server VM (14.3-b01) for windows-amd64 JRE (1.6.0_17-b04), built on Oct 11 2009 00:46:08 by "java_re" with MS VC++ 8.0

time: Thu May 23 17:05:55 2013
elapsed time: 9193 seconds

